<?xml version="1.0" encoding="UTF-8"?>
<coverage generated="1641762682973" clover="3.2.0">
  <project timestamp="1641762682973" name="All files">
    <metrics statements="49" coveredstatements="49" conditionals="58" coveredconditionals="58" methods="4" coveredmethods="4" elements="111" coveredelements="111" complexity="0" loc="49" ncloc="49" packages="1" files="1" classes="1"/>
    <file name="dateMethods.js" path="/Users/mason/quantcast_coding_exercise/dateMethods.js">
      <metrics statements="49" coveredstatements="49" conditionals="58" coveredconditionals="58" methods="4" coveredmethods="4"/>
      <line num="6" count="4" type="stmt"/>
      <line num="8" count="16" type="cond" truecount="2" falsecount="0"/>
      <line num="9" count="15" type="stmt"/>
      <line num="10" count="45" type="cond" truecount="2" falsecount="0"/>
      <line num="11" count="2" type="cond" truecount="2" falsecount="0"/>
      <line num="12" count="1" type="stmt"/>
      <line num="14" count="1" type="stmt"/>
      <line num="19" count="13" type="stmt"/>
      <line num="20" count="13" type="stmt"/>
      <line num="23" count="13" type="cond" truecount="2" falsecount="0"/>
      <line num="26" count="11" type="cond" truecount="2" falsecount="0"/>
      <line num="29" count="9" type="cond" truecount="2" falsecount="0"/>
      <line num="32" count="7" type="cond" truecount="4" falsecount="0"/>
      <line num="35" count="6" type="cond" truecount="4" falsecount="0"/>
      <line num="36" count="5" type="cond" truecount="4" falsecount="0"/>
      <line num="37" count="4" type="cond" truecount="4" falsecount="0"/>
      <line num="38" count="2" type="cond" truecount="2" falsecount="0"/>
      <line num="39" count="2" type="cond" truecount="4" falsecount="0"/>
      <line num="48" count="4" type="stmt"/>
      <line num="49" count="16" type="stmt"/>
      <line num="50" count="16" type="stmt"/>
      <line num="51" count="16" type="stmt"/>
      <line num="53" count="16" type="cond" truecount="2" falsecount="0"/>
      <line num="54" count="1" type="stmt"/>
      <line num="55" count="15" type="cond" truecount="4" falsecount="0"/>
      <line num="56" count="1" type="stmt"/>
      <line num="57" count="14" type="cond" truecount="5" falsecount="0"/>
      <line num="58" count="2" type="stmt"/>
      <line num="60" count="12" type="stmt"/>
      <line num="69" count="4" type="stmt"/>
      <line num="70" count="26" type="stmt"/>
      <line num="71" count="26" type="stmt"/>
      <line num="72" count="26" type="stmt"/>
      <line num="73" count="26" type="cond" truecount="5" falsecount="0"/>
      <line num="74" count="19" type="stmt"/>
      <line num="83" count="4" type="stmt"/>
      <line num="84" count="5" type="cond" truecount="2" falsecount="0"/>
      <line num="85" count="4" type="stmt"/>
      <line num="86" count="4" type="stmt"/>
      <line num="87" count="4" type="stmt"/>
      <line num="88" count="14" type="stmt"/>
      <line num="89" count="14" type="cond" truecount="2" falsecount="0"/>
      <line num="90" count="4" type="cond" truecount="2" falsecount="0"/>
      <line num="91" count="1" type="stmt"/>
      <line num="93" count="3" type="stmt"/>
      <line num="95" count="10" type="cond" truecount="2" falsecount="0"/>
      <line num="96" count="9" type="stmt"/>
      <line num="98" count="1" type="stmt"/>
      <line num="101" count="1" type="stmt"/>
    </file>
  </project>
</coverage>
