<?xml version="1.0" encoding="UTF-8"?>
<coverage generated="1641772366241" clover="3.2.0">
  <project timestamp="1641772366241" name="All files">
    <metrics statements="80" coveredstatements="80" conditionals="78" coveredconditionals="74" methods="7" coveredmethods="7" elements="165" coveredelements="161" complexity="0" loc="80" ncloc="80" packages="1" files="2" classes="2"/>
    <file name="dateMethods.js" path="/Users/mason/quantcast_coding_exercise/dateMethods.js">
      <metrics statements="49" coveredstatements="49" conditionals="58" coveredconditionals="58" methods="4" coveredmethods="4"/>
      <line num="6" count="5" type="stmt"/>
      <line num="8" count="21" type="cond" truecount="2" falsecount="0"/>
      <line num="9" count="20" type="stmt"/>
      <line num="10" count="60" type="cond" truecount="2" falsecount="0"/>
      <line num="11" count="2" type="cond" truecount="2" falsecount="0"/>
      <line num="12" count="1" type="stmt"/>
      <line num="14" count="1" type="stmt"/>
      <line num="19" count="18" type="stmt"/>
      <line num="20" count="18" type="stmt"/>
      <line num="23" count="18" type="cond" truecount="2" falsecount="0"/>
      <line num="26" count="16" type="cond" truecount="2" falsecount="0"/>
      <line num="29" count="14" type="cond" truecount="2" falsecount="0"/>
      <line num="32" count="12" type="cond" truecount="4" falsecount="0"/>
      <line num="35" count="11" type="cond" truecount="4" falsecount="0"/>
      <line num="36" count="10" type="cond" truecount="4" falsecount="0"/>
      <line num="37" count="9" type="cond" truecount="4" falsecount="0"/>
      <line num="38" count="2" type="cond" truecount="2" falsecount="0"/>
      <line num="39" count="7" type="cond" truecount="4" falsecount="0"/>
      <line num="48" count="5" type="stmt"/>
      <line num="49" count="20" type="stmt"/>
      <line num="50" count="20" type="stmt"/>
      <line num="51" count="20" type="stmt"/>
      <line num="53" count="20" type="cond" truecount="2" falsecount="0"/>
      <line num="54" count="1" type="stmt"/>
      <line num="55" count="19" type="cond" truecount="4" falsecount="0"/>
      <line num="56" count="1" type="stmt"/>
      <line num="57" count="18" type="cond" truecount="5" falsecount="0"/>
      <line num="58" count="5" type="stmt"/>
      <line num="60" count="13" type="stmt"/>
      <line num="69" count="5" type="stmt"/>
      <line num="70" count="64" type="stmt"/>
      <line num="71" count="64" type="stmt"/>
      <line num="72" count="64" type="stmt"/>
      <line num="73" count="64" type="cond" truecount="5" falsecount="0"/>
      <line num="74" count="31" type="stmt"/>
      <line num="83" count="5" type="stmt"/>
      <line num="84" count="10" type="cond" truecount="2" falsecount="0"/>
      <line num="85" count="7" type="stmt"/>
      <line num="86" count="7" type="stmt"/>
      <line num="87" count="7" type="stmt"/>
      <line num="88" count="21" type="stmt"/>
      <line num="89" count="21" type="cond" truecount="2" falsecount="0"/>
      <line num="90" count="7" type="cond" truecount="2" falsecount="0"/>
      <line num="91" count="2" type="stmt"/>
      <line num="93" count="5" type="stmt"/>
      <line num="95" count="14" type="cond" truecount="2" falsecount="0"/>
      <line num="96" count="10" type="stmt"/>
      <line num="98" count="4" type="stmt"/>
      <line num="101" count="2" type="stmt"/>
    </file>
    <file name="interface.js" path="/Users/mason/quantcast_coding_exercise/interface.js">
      <metrics statements="31" coveredstatements="31" conditionals="20" coveredconditionals="16" methods="3" coveredmethods="3"/>
      <line num="6" count="5" type="cond" truecount="1" falsecount="1"/>
      <line num="8" count="5" type="cond" truecount="1" falsecount="1"/>
      <line num="10" count="5" type="stmt"/>
      <line num="11" count="5" type="stmt"/>
      <line num="14" count="5" type="stmt"/>
      <line num="15" count="5" type="cond" truecount="1" falsecount="1"/>
      <line num="18" count="5" type="stmt"/>
      <line num="21" count="53" type="stmt"/>
      <line num="24" count="5" type="stmt"/>
      <line num="26" count="53" type="cond" truecount="1" falsecount="1"/>
      <line num="30" count="5" type="stmt"/>
      <line num="33" count="5" type="stmt"/>
      <line num="37" count="5" type="stmt"/>
      <line num="38" count="5" type="cond" truecount="2" falsecount="0"/>
      <line num="41" count="4" type="stmt"/>
      <line num="44" count="4" type="stmt"/>
      <line num="48" count="4" type="cond" truecount="2" falsecount="0"/>
      <line num="49" count="20" type="cond" truecount="2" falsecount="0"/>
      <line num="50" count="9" type="stmt"/>
      <line num="52" count="9" type="cond" truecount="2" falsecount="0"/>
      <line num="53" count="1" type="stmt"/>
      <line num="55" count="9" type="cond" truecount="2" falsecount="0"/>
      <line num="56" count="7" type="stmt"/>
      <line num="57" count="7" type="stmt"/>
      <line num="60" count="11" type="stmt"/>
      <line num="61" count="11" type="cond" truecount="2" falsecount="0"/>
      <line num="62" count="10" type="stmt"/>
      <line num="63" count="10" type="stmt"/>
      <line num="66" count="20" type="stmt"/>
      <line num="70" count="6" type="stmt"/>
      <line num="71" count="4" type="stmt"/>
    </file>
  </project>
</coverage>
