{"/Users/mason/quantcast_coding_exercise/dateMethods.js": {"path":"/Users/mason/quantcast_coding_exercise/dateMethods.js","statementMap":{"0":{"start":{"line":6,"column":21},"end":{"line":40,"column":1}},"1":{"start":{"line":8,"column":4},"end":{"line":8,"column":93}},"2":{"start":{"line":8,"column":27},"end":{"line":8,"column":93}},"3":{"start":{"line":9,"column":4},"end":{"line":17,"column":5}},"4":{"start":{"line":10,"column":8},"end":{"line":16,"column":9}},"5":{"start":{"line":11,"column":12},"end":{"line":15,"column":13}},"6":{"start":{"line":12,"column":16},"end":{"line":12,"column":85}},"7":{"start":{"line":14,"column":16},"end":{"line":14,"column":128}},"8":{"start":{"line":19,"column":29},"end":{"line":19,"column":71}},"9":{"start":{"line":20,"column":26},"end":{"line":20,"column":50}},"10":{"start":{"line":23,"column":4},"end":{"line":23,"column":99}},"11":{"start":{"line":23,"column":30},"end":{"line":23,"column":99}},"12":{"start":{"line":26,"column":4},"end":{"line":26,"column":123}},"13":{"start":{"line":26,"column":30},"end":{"line":26,"column":123}},"14":{"start":{"line":29,"column":4},"end":{"line":29,"column":121}},"15":{"start":{"line":29,"column":30},"end":{"line":29,"column":121}},"16":{"start":{"line":32,"column":4},"end":{"line":32,"column":126}},"17":{"start":{"line":32,"column":57},"end":{"line":32,"column":126}},"18":{"start":{"line":35,"column":4},"end":{"line":35,"column":148}},"19":{"start":{"line":35,"column":62},"end":{"line":35,"column":148}},"20":{"start":{"line":36,"column":4},"end":{"line":36,"column":145}},"21":{"start":{"line":36,"column":59},"end":{"line":36,"column":145}},"22":{"start":{"line":37,"column":4},"end":{"line":39,"column":135}},"23":{"start":{"line":38,"column":8},"end":{"line":38,"column":125}},"24":{"start":{"line":38,"column":27},"end":{"line":38,"column":125}},"25":{"start":{"line":39,"column":11},"end":{"line":39,"column":135}},"26":{"start":{"line":39,"column":49},"end":{"line":39,"column":135}},"27":{"start":{"line":48,"column":26},"end":{"line":61,"column":1}},"28":{"start":{"line":49,"column":20},"end":{"line":49,"column":38}},"29":{"start":{"line":49,"column":53},"end":{"line":49,"column":71}},"30":{"start":{"line":50,"column":21},"end":{"line":50,"column":39}},"31":{"start":{"line":50,"column":55},"end":{"line":50,"column":73}},"32":{"start":{"line":51,"column":19},"end":{"line":51,"column":37}},"33":{"start":{"line":51,"column":51},"end":{"line":51,"column":69}},"34":{"start":{"line":53,"column":4},"end":{"line":59,"column":5}},"35":{"start":{"line":54,"column":8},"end":{"line":54,"column":19}},"36":{"start":{"line":55,"column":11},"end":{"line":59,"column":5}},"37":{"start":{"line":56,"column":8},"end":{"line":56,"column":19}},"38":{"start":{"line":57,"column":11},"end":{"line":59,"column":5}},"39":{"start":{"line":58,"column":8},"end":{"line":58,"column":19}},"40":{"start":{"line":60,"column":4},"end":{"line":60,"column":16}},"41":{"start":{"line":69,"column":22},"end":{"line":75,"column":1}},"42":{"start":{"line":70,"column":20},"end":{"line":70,"column":38}},"43":{"start":{"line":70,"column":53},"end":{"line":70,"column":71}},"44":{"start":{"line":71,"column":21},"end":{"line":71,"column":39}},"45":{"start":{"line":71,"column":55},"end":{"line":71,"column":73}},"46":{"start":{"line":72,"column":19},"end":{"line":72,"column":37}},"47":{"start":{"line":72,"column":51},"end":{"line":72,"column":69}},"48":{"start":{"line":73,"column":4},"end":{"line":73,"column":101}},"49":{"start":{"line":73,"column":90},"end":{"line":73,"column":101}},"50":{"start":{"line":74,"column":4},"end":{"line":74,"column":16}},"51":{"start":{"line":83,"column":27},"end":{"line":102,"column":1}},"52":{"start":{"line":84,"column":4},"end":{"line":84,"column":55}},"53":{"start":{"line":84,"column":47},"end":{"line":84,"column":55}},"54":{"start":{"line":85,"column":16},"end":{"line":85,"column":17}},"55":{"start":{"line":86,"column":14},"end":{"line":86,"column":28}},"56":{"start":{"line":87,"column":4},"end":{"line":100,"column":5}},"57":{"start":{"line":88,"column":18},"end":{"line":88,"column":54}},"58":{"start":{"line":89,"column":8},"end":{"line":99,"column":9}},"59":{"start":{"line":90,"column":12},"end":{"line":94,"column":13}},"60":{"start":{"line":91,"column":16},"end":{"line":91,"column":29}},"61":{"start":{"line":93,"column":16},"end":{"line":93,"column":27}},"62":{"start":{"line":95,"column":15},"end":{"line":99,"column":9}},"63":{"start":{"line":96,"column":12},"end":{"line":96,"column":27}},"64":{"start":{"line":98,"column":12},"end":{"line":98,"column":25}},"65":{"start":{"line":101,"column":4},"end":{"line":101,"column":13}}},"fnMap":{"0":{"name":"(anonymous_0)","decl":{"start":{"line":6,"column":21},"end":{"line":6,"column":22}},"loc":{"start":{"line":6,"column":31},"end":{"line":40,"column":1}},"line":6},"1":{"name":"(anonymous_1)","decl":{"start":{"line":48,"column":26},"end":{"line":48,"column":27}},"loc":{"start":{"line":48,"column":44},"end":{"line":61,"column":1}},"line":48},"2":{"name":"(anonymous_2)","decl":{"start":{"line":69,"column":22},"end":{"line":69,"column":23}},"loc":{"start":{"line":69,"column":40},"end":{"line":75,"column":1}},"line":69},"3":{"name":"(anonymous_3)","decl":{"start":{"line":83,"column":27},"end":{"line":83,"column":28}},"loc":{"start":{"line":83,"column":49},"end":{"line":102,"column":1}},"line":83}},"branchMap":{"0":{"loc":{"start":{"line":8,"column":4},"end":{"line":8,"column":93}},"type":"if","locations":[{"start":{"line":8,"column":4},"end":{"line":8,"column":93}},{"start":{},"end":{}}],"line":8},"1":{"loc":{"start":{"line":10,"column":8},"end":{"line":16,"column":9}},"type":"if","locations":[{"start":{"line":10,"column":8},"end":{"line":16,"column":9}},{"start":{},"end":{}}],"line":10},"2":{"loc":{"start":{"line":11,"column":12},"end":{"line":15,"column":13}},"type":"if","locations":[{"start":{"line":11,"column":12},"end":{"line":15,"column":13}},{"start":{"line":13,"column":19},"end":{"line":15,"column":13}}],"line":11},"3":{"loc":{"start":{"line":23,"column":4},"end":{"line":23,"column":99}},"type":"if","locations":[{"start":{"line":23,"column":4},"end":{"line":23,"column":99}},{"start":{},"end":{}}],"line":23},"4":{"loc":{"start":{"line":26,"column":4},"end":{"line":26,"column":123}},"type":"if","locations":[{"start":{"line":26,"column":4},"end":{"line":26,"column":123}},{"start":{},"end":{}}],"line":26},"5":{"loc":{"start":{"line":29,"column":4},"end":{"line":29,"column":121}},"type":"if","locations":[{"start":{"line":29,"column":4},"end":{"line":29,"column":121}},{"start":{},"end":{}}],"line":29},"6":{"loc":{"start":{"line":32,"column":4},"end":{"line":32,"column":126}},"type":"if","locations":[{"start":{"line":32,"column":4},"end":{"line":32,"column":126}},{"start":{},"end":{}}],"line":32},"7":{"loc":{"start":{"line":32,"column":8},"end":{"line":32,"column":55}},"type":"binary-expr","locations":[{"start":{"line":32,"column":8},"end":{"line":32,"column":30}},{"start":{"line":32,"column":34},"end":{"line":32,"column":55}}],"line":32},"8":{"loc":{"start":{"line":35,"column":4},"end":{"line":35,"column":148}},"type":"if","locations":[{"start":{"line":35,"column":4},"end":{"line":35,"column":148}},{"start":{},"end":{}}],"line":35},"9":{"loc":{"start":{"line":35,"column":8},"end":{"line":35,"column":60}},"type":"binary-expr","locations":[{"start":{"line":35,"column":8},"end":{"line":35,"column":44}},{"start":{"line":35,"column":48},"end":{"line":35,"column":60}}],"line":35},"10":{"loc":{"start":{"line":36,"column":4},"end":{"line":36,"column":145}},"type":"if","locations":[{"start":{"line":36,"column":4},"end":{"line":36,"column":145}},{"start":{},"end":{}}],"line":36},"11":{"loc":{"start":{"line":36,"column":8},"end":{"line":36,"column":57}},"type":"binary-expr","locations":[{"start":{"line":36,"column":8},"end":{"line":36,"column":41}},{"start":{"line":36,"column":45},"end":{"line":36,"column":57}}],"line":36},"12":{"loc":{"start":{"line":37,"column":4},"end":{"line":39,"column":135}},"type":"if","locations":[{"start":{"line":37,"column":4},"end":{"line":39,"column":135}},{"start":{"line":39,"column":11},"end":{"line":39,"column":135}}],"line":37},"13":{"loc":{"start":{"line":37,"column":8},"end":{"line":37,"column":55}},"type":"binary-expr","locations":[{"start":{"line":37,"column":8},"end":{"line":37,"column":24}},{"start":{"line":37,"column":28},"end":{"line":37,"column":55}}],"line":37},"14":{"loc":{"start":{"line":38,"column":8},"end":{"line":38,"column":125}},"type":"if","locations":[{"start":{"line":38,"column":8},"end":{"line":38,"column":125}},{"start":{},"end":{}}],"line":38},"15":{"loc":{"start":{"line":39,"column":11},"end":{"line":39,"column":135}},"type":"if","locations":[{"start":{"line":39,"column":11},"end":{"line":39,"column":135}},{"start":{},"end":{}}],"line":39},"16":{"loc":{"start":{"line":39,"column":15},"end":{"line":39,"column":47}},"type":"binary-expr","locations":[{"start":{"line":39,"column":15},"end":{"line":39,"column":31}},{"start":{"line":39,"column":35},"end":{"line":39,"column":47}}],"line":39},"17":{"loc":{"start":{"line":53,"column":4},"end":{"line":59,"column":5}},"type":"if","locations":[{"start":{"line":53,"column":4},"end":{"line":59,"column":5}},{"start":{"line":55,"column":11},"end":{"line":59,"column":5}}],"line":53},"18":{"loc":{"start":{"line":55,"column":11},"end":{"line":59,"column":5}},"type":"if","locations":[{"start":{"line":55,"column":11},"end":{"line":59,"column":5}},{"start":{"line":57,"column":11},"end":{"line":59,"column":5}}],"line":55},"19":{"loc":{"start":{"line":55,"column":15},"end":{"line":55,"column":67}},"type":"binary-expr","locations":[{"start":{"line":55,"column":15},"end":{"line":55,"column":39}},{"start":{"line":55,"column":43},"end":{"line":55,"column":67}}],"line":55},"20":{"loc":{"start":{"line":57,"column":11},"end":{"line":59,"column":5}},"type":"if","locations":[{"start":{"line":57,"column":11},"end":{"line":59,"column":5}},{"start":{},"end":{}}],"line":57},"21":{"loc":{"start":{"line":57,"column":15},"end":{"line":57,"column":93}},"type":"binary-expr","locations":[{"start":{"line":57,"column":15},"end":{"line":57,"column":39}},{"start":{"line":57,"column":43},"end":{"line":57,"column":69}},{"start":{"line":57,"column":73},"end":{"line":57,"column":93}}],"line":57},"22":{"loc":{"start":{"line":73,"column":4},"end":{"line":73,"column":101}},"type":"if","locations":[{"start":{"line":73,"column":4},"end":{"line":73,"column":101}},{"start":{},"end":{}}],"line":73},"23":{"loc":{"start":{"line":73,"column":8},"end":{"line":73,"column":88}},"type":"binary-expr","locations":[{"start":{"line":73,"column":8},"end":{"line":73,"column":32}},{"start":{"line":73,"column":36},"end":{"line":73,"column":62}},{"start":{"line":73,"column":66},"end":{"line":73,"column":88}}],"line":73},"24":{"loc":{"start":{"line":84,"column":4},"end":{"line":84,"column":55}},"type":"if","locations":[{"start":{"line":84,"column":4},"end":{"line":84,"column":55}},{"start":{},"end":{}}],"line":84},"25":{"loc":{"start":{"line":89,"column":8},"end":{"line":99,"column":9}},"type":"if","locations":[{"start":{"line":89,"column":8},"end":{"line":99,"column":9}},{"start":{"line":95,"column":15},"end":{"line":99,"column":9}}],"line":89},"26":{"loc":{"start":{"line":90,"column":12},"end":{"line":94,"column":13}},"type":"if","locations":[{"start":{"line":90,"column":12},"end":{"line":94,"column":13}},{"start":{"line":92,"column":19},"end":{"line":94,"column":13}}],"line":90},"27":{"loc":{"start":{"line":95,"column":15},"end":{"line":99,"column":9}},"type":"if","locations":[{"start":{"line":95,"column":15},"end":{"line":99,"column":9}},{"start":{"line":97,"column":15},"end":{"line":99,"column":9}}],"line":95}},"s":{"0":4,"1":16,"2":1,"3":15,"4":45,"5":2,"6":1,"7":1,"8":13,"9":13,"10":13,"11":2,"12":11,"13":2,"14":9,"15":2,"16":7,"17":1,"18":6,"19":1,"20":5,"21":1,"22":4,"23":2,"24":1,"25":2,"26":1,"27":4,"28":16,"29":16,"30":16,"31":16,"32":16,"33":16,"34":16,"35":1,"36":15,"37":1,"38":14,"39":2,"40":12,"41":4,"42":26,"43":26,"44":26,"45":26,"46":26,"47":26,"48":26,"49":7,"50":19,"51":4,"52":5,"53":1,"54":4,"55":4,"56":4,"57":14,"58":14,"59":4,"60":1,"61":3,"62":10,"63":9,"64":1,"65":1},"f":{"0":16,"1":16,"2":26,"3":5},"b":{"0":[1,15],"1":[2,43],"2":[1,1],"3":[2,11],"4":[2,9],"5":[2,7],"6":[1,6],"7":[7,6],"8":[1,5],"9":[6,1],"10":[1,4],"11":[5,2],"12":[2,2],"13":[4,3],"14":[1,1],"15":[1,1],"16":[2,1],"17":[1,15],"18":[1,14],"19":[15,14],"20":[2,12],"21":[14,13,8],"22":[7,19],"23":[26,24,19],"24":[1,4],"25":[4,10],"26":[1,3],"27":[9,1]},"_coverageSchema":"1a1c01bbd47fc00a2c39e90264f33305004495a9","hash":"1fc123b9e18fbd5938697ea9fbc132db1a8e9375"}
}
