{"/Users/mason/quantcast_coding_exercise/dateMethods.js": {"path":"/Users/mason/quantcast_coding_exercise/dateMethods.js","statementMap":{"0":{"start":{"line":6,"column":21},"end":{"line":40,"column":1}},"1":{"start":{"line":8,"column":4},"end":{"line":8,"column":93}},"2":{"start":{"line":8,"column":27},"end":{"line":8,"column":93}},"3":{"start":{"line":9,"column":4},"end":{"line":17,"column":5}},"4":{"start":{"line":10,"column":8},"end":{"line":16,"column":9}},"5":{"start":{"line":11,"column":12},"end":{"line":15,"column":13}},"6":{"start":{"line":12,"column":16},"end":{"line":12,"column":85}},"7":{"start":{"line":14,"column":16},"end":{"line":14,"column":128}},"8":{"start":{"line":19,"column":29},"end":{"line":19,"column":71}},"9":{"start":{"line":20,"column":26},"end":{"line":20,"column":50}},"10":{"start":{"line":23,"column":4},"end":{"line":23,"column":99}},"11":{"start":{"line":23,"column":30},"end":{"line":23,"column":99}},"12":{"start":{"line":26,"column":4},"end":{"line":26,"column":123}},"13":{"start":{"line":26,"column":30},"end":{"line":26,"column":123}},"14":{"start":{"line":29,"column":4},"end":{"line":29,"column":121}},"15":{"start":{"line":29,"column":30},"end":{"line":29,"column":121}},"16":{"start":{"line":32,"column":4},"end":{"line":32,"column":126}},"17":{"start":{"line":32,"column":57},"end":{"line":32,"column":126}},"18":{"start":{"line":35,"column":4},"end":{"line":35,"column":148}},"19":{"start":{"line":35,"column":62},"end":{"line":35,"column":148}},"20":{"start":{"line":36,"column":4},"end":{"line":36,"column":145}},"21":{"start":{"line":36,"column":59},"end":{"line":36,"column":145}},"22":{"start":{"line":37,"column":4},"end":{"line":39,"column":135}},"23":{"start":{"line":38,"column":8},"end":{"line":38,"column":125}},"24":{"start":{"line":38,"column":27},"end":{"line":38,"column":125}},"25":{"start":{"line":39,"column":11},"end":{"line":39,"column":135}},"26":{"start":{"line":39,"column":49},"end":{"line":39,"column":135}},"27":{"start":{"line":48,"column":26},"end":{"line":61,"column":1}},"28":{"start":{"line":49,"column":20},"end":{"line":49,"column":38}},"29":{"start":{"line":49,"column":53},"end":{"line":49,"column":71}},"30":{"start":{"line":50,"column":21},"end":{"line":50,"column":39}},"31":{"start":{"line":50,"column":55},"end":{"line":50,"column":73}},"32":{"start":{"line":51,"column":19},"end":{"line":51,"column":37}},"33":{"start":{"line":51,"column":51},"end":{"line":51,"column":69}},"34":{"start":{"line":53,"column":4},"end":{"line":59,"column":5}},"35":{"start":{"line":54,"column":8},"end":{"line":54,"column":19}},"36":{"start":{"line":55,"column":11},"end":{"line":59,"column":5}},"37":{"start":{"line":56,"column":8},"end":{"line":56,"column":19}},"38":{"start":{"line":57,"column":11},"end":{"line":59,"column":5}},"39":{"start":{"line":58,"column":8},"end":{"line":58,"column":19}},"40":{"start":{"line":60,"column":4},"end":{"line":60,"column":16}},"41":{"start":{"line":69,"column":22},"end":{"line":75,"column":1}},"42":{"start":{"line":70,"column":20},"end":{"line":70,"column":38}},"43":{"start":{"line":70,"column":53},"end":{"line":70,"column":71}},"44":{"start":{"line":71,"column":21},"end":{"line":71,"column":39}},"45":{"start":{"line":71,"column":55},"end":{"line":71,"column":73}},"46":{"start":{"line":72,"column":19},"end":{"line":72,"column":37}},"47":{"start":{"line":72,"column":51},"end":{"line":72,"column":69}},"48":{"start":{"line":73,"column":4},"end":{"line":73,"column":101}},"49":{"start":{"line":73,"column":90},"end":{"line":73,"column":101}},"50":{"start":{"line":74,"column":4},"end":{"line":74,"column":16}},"51":{"start":{"line":83,"column":27},"end":{"line":102,"column":1}},"52":{"start":{"line":84,"column":4},"end":{"line":84,"column":55}},"53":{"start":{"line":84,"column":47},"end":{"line":84,"column":55}},"54":{"start":{"line":85,"column":16},"end":{"line":85,"column":17}},"55":{"start":{"line":86,"column":14},"end":{"line":86,"column":28}},"56":{"start":{"line":87,"column":4},"end":{"line":100,"column":5}},"57":{"start":{"line":88,"column":18},"end":{"line":88,"column":54}},"58":{"start":{"line":89,"column":8},"end":{"line":99,"column":9}},"59":{"start":{"line":90,"column":12},"end":{"line":94,"column":13}},"60":{"start":{"line":91,"column":16},"end":{"line":91,"column":29}},"61":{"start":{"line":93,"column":16},"end":{"line":93,"column":27}},"62":{"start":{"line":95,"column":15},"end":{"line":99,"column":9}},"63":{"start":{"line":96,"column":12},"end":{"line":96,"column":27}},"64":{"start":{"line":98,"column":12},"end":{"line":98,"column":25}},"65":{"start":{"line":101,"column":4},"end":{"line":101,"column":13}}},"fnMap":{"0":{"name":"(anonymous_0)","decl":{"start":{"line":6,"column":21},"end":{"line":6,"column":22}},"loc":{"start":{"line":6,"column":31},"end":{"line":40,"column":1}},"line":6},"1":{"name":"(anonymous_1)","decl":{"start":{"line":48,"column":26},"end":{"line":48,"column":27}},"loc":{"start":{"line":48,"column":44},"end":{"line":61,"column":1}},"line":48},"2":{"name":"(anonymous_2)","decl":{"start":{"line":69,"column":22},"end":{"line":69,"column":23}},"loc":{"start":{"line":69,"column":40},"end":{"line":75,"column":1}},"line":69},"3":{"name":"(anonymous_3)","decl":{"start":{"line":83,"column":27},"end":{"line":83,"column":28}},"loc":{"start":{"line":83,"column":49},"end":{"line":102,"column":1}},"line":83}},"branchMap":{"0":{"loc":{"start":{"line":8,"column":4},"end":{"line":8,"column":93}},"type":"if","locations":[{"start":{"line":8,"column":4},"end":{"line":8,"column":93}},{"start":{},"end":{}}],"line":8},"1":{"loc":{"start":{"line":10,"column":8},"end":{"line":16,"column":9}},"type":"if","locations":[{"start":{"line":10,"column":8},"end":{"line":16,"column":9}},{"start":{},"end":{}}],"line":10},"2":{"loc":{"start":{"line":11,"column":12},"end":{"line":15,"column":13}},"type":"if","locations":[{"start":{"line":11,"column":12},"end":{"line":15,"column":13}},{"start":{"line":13,"column":19},"end":{"line":15,"column":13}}],"line":11},"3":{"loc":{"start":{"line":23,"column":4},"end":{"line":23,"column":99}},"type":"if","locations":[{"start":{"line":23,"column":4},"end":{"line":23,"column":99}},{"start":{},"end":{}}],"line":23},"4":{"loc":{"start":{"line":26,"column":4},"end":{"line":26,"column":123}},"type":"if","locations":[{"start":{"line":26,"column":4},"end":{"line":26,"column":123}},{"start":{},"end":{}}],"line":26},"5":{"loc":{"start":{"line":29,"column":4},"end":{"line":29,"column":121}},"type":"if","locations":[{"start":{"line":29,"column":4},"end":{"line":29,"column":121}},{"start":{},"end":{}}],"line":29},"6":{"loc":{"start":{"line":32,"column":4},"end":{"line":32,"column":126}},"type":"if","locations":[{"start":{"line":32,"column":4},"end":{"line":32,"column":126}},{"start":{},"end":{}}],"line":32},"7":{"loc":{"start":{"line":32,"column":8},"end":{"line":32,"column":55}},"type":"binary-expr","locations":[{"start":{"line":32,"column":8},"end":{"line":32,"column":30}},{"start":{"line":32,"column":34},"end":{"line":32,"column":55}}],"line":32},"8":{"loc":{"start":{"line":35,"column":4},"end":{"line":35,"column":148}},"type":"if","locations":[{"start":{"line":35,"column":4},"end":{"line":35,"column":148}},{"start":{},"end":{}}],"line":35},"9":{"loc":{"start":{"line":35,"column":8},"end":{"line":35,"column":60}},"type":"binary-expr","locations":[{"start":{"line":35,"column":8},"end":{"line":35,"column":44}},{"start":{"line":35,"column":48},"end":{"line":35,"column":60}}],"line":35},"10":{"loc":{"start":{"line":36,"column":4},"end":{"line":36,"column":145}},"type":"if","locations":[{"start":{"line":36,"column":4},"end":{"line":36,"column":145}},{"start":{},"end":{}}],"line":36},"11":{"loc":{"start":{"line":36,"column":8},"end":{"line":36,"column":57}},"type":"binary-expr","locations":[{"start":{"line":36,"column":8},"end":{"line":36,"column":41}},{"start":{"line":36,"column":45},"end":{"line":36,"column":57}}],"line":36},"12":{"loc":{"start":{"line":37,"column":4},"end":{"line":39,"column":135}},"type":"if","locations":[{"start":{"line":37,"column":4},"end":{"line":39,"column":135}},{"start":{"line":39,"column":11},"end":{"line":39,"column":135}}],"line":37},"13":{"loc":{"start":{"line":37,"column":8},"end":{"line":37,"column":55}},"type":"binary-expr","locations":[{"start":{"line":37,"column":8},"end":{"line":37,"column":24}},{"start":{"line":37,"column":28},"end":{"line":37,"column":55}}],"line":37},"14":{"loc":{"start":{"line":38,"column":8},"end":{"line":38,"column":125}},"type":"if","locations":[{"start":{"line":38,"column":8},"end":{"line":38,"column":125}},{"start":{},"end":{}}],"line":38},"15":{"loc":{"start":{"line":39,"column":11},"end":{"line":39,"column":135}},"type":"if","locations":[{"start":{"line":39,"column":11},"end":{"line":39,"column":135}},{"start":{},"end":{}}],"line":39},"16":{"loc":{"start":{"line":39,"column":15},"end":{"line":39,"column":47}},"type":"binary-expr","locations":[{"start":{"line":39,"column":15},"end":{"line":39,"column":31}},{"start":{"line":39,"column":35},"end":{"line":39,"column":47}}],"line":39},"17":{"loc":{"start":{"line":53,"column":4},"end":{"line":59,"column":5}},"type":"if","locations":[{"start":{"line":53,"column":4},"end":{"line":59,"column":5}},{"start":{"line":55,"column":11},"end":{"line":59,"column":5}}],"line":53},"18":{"loc":{"start":{"line":55,"column":11},"end":{"line":59,"column":5}},"type":"if","locations":[{"start":{"line":55,"column":11},"end":{"line":59,"column":5}},{"start":{"line":57,"column":11},"end":{"line":59,"column":5}}],"line":55},"19":{"loc":{"start":{"line":55,"column":15},"end":{"line":55,"column":67}},"type":"binary-expr","locations":[{"start":{"line":55,"column":15},"end":{"line":55,"column":39}},{"start":{"line":55,"column":43},"end":{"line":55,"column":67}}],"line":55},"20":{"loc":{"start":{"line":57,"column":11},"end":{"line":59,"column":5}},"type":"if","locations":[{"start":{"line":57,"column":11},"end":{"line":59,"column":5}},{"start":{},"end":{}}],"line":57},"21":{"loc":{"start":{"line":57,"column":15},"end":{"line":57,"column":93}},"type":"binary-expr","locations":[{"start":{"line":57,"column":15},"end":{"line":57,"column":39}},{"start":{"line":57,"column":43},"end":{"line":57,"column":69}},{"start":{"line":57,"column":73},"end":{"line":57,"column":93}}],"line":57},"22":{"loc":{"start":{"line":73,"column":4},"end":{"line":73,"column":101}},"type":"if","locations":[{"start":{"line":73,"column":4},"end":{"line":73,"column":101}},{"start":{},"end":{}}],"line":73},"23":{"loc":{"start":{"line":73,"column":8},"end":{"line":73,"column":88}},"type":"binary-expr","locations":[{"start":{"line":73,"column":8},"end":{"line":73,"column":32}},{"start":{"line":73,"column":36},"end":{"line":73,"column":62}},{"start":{"line":73,"column":66},"end":{"line":73,"column":88}}],"line":73},"24":{"loc":{"start":{"line":84,"column":4},"end":{"line":84,"column":55}},"type":"if","locations":[{"start":{"line":84,"column":4},"end":{"line":84,"column":55}},{"start":{},"end":{}}],"line":84},"25":{"loc":{"start":{"line":89,"column":8},"end":{"line":99,"column":9}},"type":"if","locations":[{"start":{"line":89,"column":8},"end":{"line":99,"column":9}},{"start":{"line":95,"column":15},"end":{"line":99,"column":9}}],"line":89},"26":{"loc":{"start":{"line":90,"column":12},"end":{"line":94,"column":13}},"type":"if","locations":[{"start":{"line":90,"column":12},"end":{"line":94,"column":13}},{"start":{"line":92,"column":19},"end":{"line":94,"column":13}}],"line":90},"27":{"loc":{"start":{"line":95,"column":15},"end":{"line":99,"column":9}},"type":"if","locations":[{"start":{"line":95,"column":15},"end":{"line":99,"column":9}},{"start":{"line":97,"column":15},"end":{"line":99,"column":9}}],"line":95}},"s":{"0":5,"1":21,"2":1,"3":20,"4":60,"5":2,"6":1,"7":1,"8":18,"9":18,"10":18,"11":2,"12":16,"13":2,"14":14,"15":2,"16":12,"17":1,"18":11,"19":1,"20":10,"21":1,"22":9,"23":2,"24":1,"25":7,"26":1,"27":5,"28":20,"29":20,"30":20,"31":20,"32":20,"33":20,"34":20,"35":1,"36":19,"37":1,"38":18,"39":5,"40":13,"41":5,"42":64,"43":64,"44":64,"45":64,"46":64,"47":64,"48":64,"49":33,"50":31,"51":5,"52":10,"53":3,"54":7,"55":7,"56":7,"57":21,"58":21,"59":7,"60":2,"61":5,"62":14,"63":10,"64":4,"65":2},"f":{"0":21,"1":20,"2":64,"3":10},"b":{"0":[1,20],"1":[2,58],"2":[1,1],"3":[2,16],"4":[2,14],"5":[2,12],"6":[1,11],"7":[12,11],"8":[1,10],"9":[11,6],"10":[1,9],"11":[10,2],"12":[2,7],"13":[9,3],"14":[1,1],"15":[1,6],"16":[7,1],"17":[1,19],"18":[1,18],"19":[19,18],"20":[5,13],"21":[18,17,12],"22":[33,31],"23":[64,62,57],"24":[3,7],"25":[7,14],"26":[2,5],"27":[10,4]},"_coverageSchema":"1a1c01bbd47fc00a2c39e90264f33305004495a9","hash":"1fc123b9e18fbd5938697ea9fbc132db1a8e9375"}
,"/Users/mason/quantcast_coding_exercise/interface.js": {"path":"/Users/mason/quantcast_coding_exercise/interface.js","statementMap":{"0":{"start":{"line":6,"column":4},"end":{"line":6,"column":31}},"1":{"start":{"line":8,"column":4},"end":{"line":8,"column":152}},"2":{"start":{"line":8,"column":25},"end":{"line":8,"column":152}},"3":{"start":{"line":10,"column":22},"end":{"line":10,"column":29}},"4":{"start":{"line":11,"column":24},"end":{"line":11,"column":42}},"5":{"start":{"line":14,"column":19},"end":{"line":14,"column":44}},"6":{"start":{"line":15,"column":4},"end":{"line":15,"column":84}},"7":{"start":{"line":15,"column":28},"end":{"line":15,"column":84}},"8":{"start":{"line":18,"column":4},"end":{"line":18,"column":31}},"9":{"start":{"line":21,"column":15},"end":{"line":21,"column":91}},"10":{"start":{"line":21,"column":75},"end":{"line":21,"column":90}},"11":{"start":{"line":24,"column":4},"end":{"line":27,"column":6}},"12":{"start":{"line":26,"column":8},"end":{"line":26,"column":76}},"13":{"start":{"line":26,"column":32},"end":{"line":26,"column":76}},"14":{"start":{"line":30,"column":4},"end":{"line":30,"column":16}},"15":{"start":{"line":33,"column":23},"end":{"line":33,"column":32}},"16":{"start":{"line":37,"column":25},"end":{"line":37,"column":64}},"17":{"start":{"line":38,"column":4},"end":{"line":38,"column":86}},"18":{"start":{"line":38,"column":28},"end":{"line":38,"column":86}},"19":{"start":{"line":41,"column":14},"end":{"line":41,"column":15}},"20":{"start":{"line":44,"column":23},"end":{"line":44,"column":25}},"21":{"start":{"line":48,"column":4},"end":{"line":67,"column":5}},"22":{"start":{"line":49,"column":8},"end":{"line":65,"column":9}},"23":{"start":{"line":50,"column":12},"end":{"line":50,"column":100}},"24":{"start":{"line":52,"column":12},"end":{"line":54,"column":13}},"25":{"start":{"line":53,"column":16},"end":{"line":53,"column":58}},"26":{"start":{"line":55,"column":12},"end":{"line":58,"column":13}},"27":{"start":{"line":56,"column":16},"end":{"line":56,"column":63}},"28":{"start":{"line":57,"column":16},"end":{"line":57,"column":56}},"29":{"start":{"line":60,"column":12},"end":{"line":60,"column":56}},"30":{"start":{"line":61,"column":12},"end":{"line":64,"column":13}},"31":{"start":{"line":62,"column":16},"end":{"line":62,"column":58}},"32":{"start":{"line":63,"column":16},"end":{"line":63,"column":63}},"33":{"start":{"line":66,"column":8},"end":{"line":66,"column":24}},"34":{"start":{"line":70,"column":4},"end":{"line":70,"column":56}},"35":{"start":{"line":70,"column":37},"end":{"line":70,"column":56}},"36":{"start":{"line":71,"column":4},"end":{"line":71,"column":23}}},"fnMap":{"0":{"name":"main","decl":{"start":{"line":5,"column":9},"end":{"line":5,"column":13}},"loc":{"start":{"line":5,"column":20},"end":{"line":72,"column":1}},"line":5},"1":{"name":"(anonymous_1)","decl":{"start":{"line":21,"column":68},"end":{"line":21,"column":69}},"loc":{"start":{"line":21,"column":75},"end":{"line":21,"column":90}},"line":21},"2":{"name":"(anonymous_2)","decl":{"start":{"line":24,"column":17},"end":{"line":24,"column":18}},"loc":{"start":{"line":24,"column":26},"end":{"line":27,"column":5}},"line":24}},"branchMap":{"0":{"loc":{"start":{"line":6,"column":11},"end":{"line":6,"column":31}},"type":"binary-expr","locations":[{"start":{"line":6,"column":11},"end":{"line":6,"column":15}},{"start":{"line":6,"column":19},"end":{"line":6,"column":31}}],"line":6},"1":{"loc":{"start":{"line":8,"column":4},"end":{"line":8,"column":152}},"type":"if","locations":[{"start":{"line":8,"column":4},"end":{"line":8,"column":152}},{"start":{},"end":{}}],"line":8},"2":{"loc":{"start":{"line":15,"column":4},"end":{"line":15,"column":84}},"type":"if","locations":[{"start":{"line":15,"column":4},"end":{"line":15,"column":84}},{"start":{},"end":{}}],"line":15},"3":{"loc":{"start":{"line":26,"column":8},"end":{"line":26,"column":76}},"type":"if","locations":[{"start":{"line":26,"column":8},"end":{"line":26,"column":76}},{"start":{},"end":{}}],"line":26},"4":{"loc":{"start":{"line":38,"column":4},"end":{"line":38,"column":86}},"type":"if","locations":[{"start":{"line":38,"column":4},"end":{"line":38,"column":86}},{"start":{},"end":{}}],"line":38},"5":{"loc":{"start":{"line":48,"column":11},"end":{"line":48,"column":96}},"type":"binary-expr","locations":[{"start":{"line":48,"column":11},"end":{"line":48,"column":39}},{"start":{"line":48,"column":43},"end":{"line":48,"column":96}}],"line":48},"6":{"loc":{"start":{"line":49,"column":8},"end":{"line":65,"column":9}},"type":"if","locations":[{"start":{"line":49,"column":8},"end":{"line":65,"column":9}},{"start":{"line":59,"column":15},"end":{"line":65,"column":9}}],"line":49},"7":{"loc":{"start":{"line":52,"column":12},"end":{"line":54,"column":13}},"type":"if","locations":[{"start":{"line":52,"column":12},"end":{"line":54,"column":13}},{"start":{},"end":{}}],"line":52},"8":{"loc":{"start":{"line":55,"column":12},"end":{"line":58,"column":13}},"type":"if","locations":[{"start":{"line":55,"column":12},"end":{"line":58,"column":13}},{"start":{},"end":{}}],"line":55},"9":{"loc":{"start":{"line":61,"column":12},"end":{"line":64,"column":13}},"type":"if","locations":[{"start":{"line":61,"column":12},"end":{"line":64,"column":13}},{"start":{},"end":{}}],"line":61}},"s":{"0":5,"1":5,"2":0,"3":5,"4":5,"5":5,"6":5,"7":0,"8":5,"9":5,"10":53,"11":5,"12":53,"13":53,"14":5,"15":5,"16":5,"17":5,"18":1,"19":4,"20":4,"21":4,"22":20,"23":9,"24":9,"25":1,"26":9,"27":7,"28":7,"29":11,"30":11,"31":10,"32":10,"33":20,"34":4,"35":6,"36":4},"f":{"0":5,"1":53,"2":53},"b":{"0":[5,0],"1":[0,5],"2":[0,5],"3":[53,0],"4":[1,4],"5":[24,23],"6":[9,11],"7":[1,8],"8":[7,2],"9":[10,1]},"_coverageSchema":"1a1c01bbd47fc00a2c39e90264f33305004495a9","hash":"be6d84b2e27f79582e5304ffe521b9184a52e859"}
}
