TN:
SF:dateMethods.js
FN:6,(anonymous_0)
FN:48,(anonymous_1)
FN:69,(anonymous_2)
FN:83,(anonymous_3)
FNF:4
FNH:4
FNDA:16,(anonymous_0)
FNDA:16,(anonymous_1)
FNDA:26,(anonymous_2)
FNDA:5,(anonymous_3)
DA:6,4
DA:8,16
DA:9,15
DA:10,45
DA:11,2
DA:12,1
DA:14,1
DA:19,13
DA:20,13
DA:23,13
DA:26,11
DA:29,9
DA:32,7
DA:35,6
DA:36,5
DA:37,4
DA:38,2
DA:39,2
DA:48,4
DA:49,16
DA:50,16
DA:51,16
DA:53,16
DA:54,1
DA:55,15
DA:56,1
DA:57,14
DA:58,2
DA:60,12
DA:69,4
DA:70,26
DA:71,26
DA:72,26
DA:73,26
DA:74,19
DA:83,4
DA:84,5
DA:85,4
DA:86,4
DA:87,4
DA:88,14
DA:89,14
DA:90,4
DA:91,1
DA:93,3
DA:95,10
DA:96,9
DA:98,1
DA:101,1
LF:49
LH:49
BRDA:8,0,0,1
BRDA:8,0,1,15
BRDA:10,1,0,2
BRDA:10,1,1,43
BRDA:11,2,0,1
BRDA:11,2,1,1
BRDA:23,3,0,2
BRDA:23,3,1,11
BRDA:26,4,0,2
BRDA:26,4,1,9
BRDA:29,5,0,2
BRDA:29,5,1,7
BRDA:32,6,0,1
BRDA:32,6,1,6
BRDA:32,7,0,7
BRDA:32,7,1,6
BRDA:35,8,0,1
BRDA:35,8,1,5
BRDA:35,9,0,6
BRDA:35,9,1,1
BRDA:36,10,0,1
BRDA:36,10,1,4
BRDA:36,11,0,5
BRDA:36,11,1,2
BRDA:37,12,0,2
BRDA:37,12,1,2
BRDA:37,13,0,4
BRDA:37,13,1,3
BRDA:38,14,0,1
BRDA:38,14,1,1
BRDA:39,15,0,1
BRDA:39,15,1,1
BRDA:39,16,0,2
BRDA:39,16,1,1
BRDA:53,17,0,1
BRDA:53,17,1,15
BRDA:55,18,0,1
BRDA:55,18,1,14
BRDA:55,19,0,15
BRDA:55,19,1,14
BRDA:57,20,0,2
BRDA:57,20,1,12
BRDA:57,21,0,14
BRDA:57,21,1,13
BRDA:57,21,2,8
BRDA:73,22,0,7
BRDA:73,22,1,19
BRDA:73,23,0,26
BRDA:73,23,1,24
BRDA:73,23,2,19
BRDA:84,24,0,1
BRDA:84,24,1,4
BRDA:89,25,0,4
BRDA:89,25,1,10
BRDA:90,26,0,1
BRDA:90,26,1,3
BRDA:95,27,0,9
BRDA:95,27,1,1
BRF:58
BRH:58
end_of_record
