TN:
SF:dateMethods.js
FN:6,(anonymous_0)
FN:48,(anonymous_1)
FN:69,(anonymous_2)
FN:83,(anonymous_3)
FNF:4
FNH:4
FNDA:21,(anonymous_0)
FNDA:20,(anonymous_1)
FNDA:64,(anonymous_2)
FNDA:10,(anonymous_3)
DA:6,5
DA:8,21
DA:9,20
DA:10,60
DA:11,2
DA:12,1
DA:14,1
DA:19,18
DA:20,18
DA:23,18
DA:26,16
DA:29,14
DA:32,12
DA:35,11
DA:36,10
DA:37,9
DA:38,2
DA:39,7
DA:48,5
DA:49,20
DA:50,20
DA:51,20
DA:53,20
DA:54,1
DA:55,19
DA:56,1
DA:57,18
DA:58,5
DA:60,13
DA:69,5
DA:70,64
DA:71,64
DA:72,64
DA:73,64
DA:74,31
DA:83,5
DA:84,10
DA:85,7
DA:86,7
DA:87,7
DA:88,21
DA:89,21
DA:90,7
DA:91,2
DA:93,5
DA:95,14
DA:96,10
DA:98,4
DA:101,2
LF:49
LH:49
BRDA:8,0,0,1
BRDA:8,0,1,20
BRDA:10,1,0,2
BRDA:10,1,1,58
BRDA:11,2,0,1
BRDA:11,2,1,1
BRDA:23,3,0,2
BRDA:23,3,1,16
BRDA:26,4,0,2
BRDA:26,4,1,14
BRDA:29,5,0,2
BRDA:29,5,1,12
BRDA:32,6,0,1
BRDA:32,6,1,11
BRDA:32,7,0,12
BRDA:32,7,1,11
BRDA:35,8,0,1
BRDA:35,8,1,10
BRDA:35,9,0,11
BRDA:35,9,1,6
BRDA:36,10,0,1
BRDA:36,10,1,9
BRDA:36,11,0,10
BRDA:36,11,1,2
BRDA:37,12,0,2
BRDA:37,12,1,7
BRDA:37,13,0,9
BRDA:37,13,1,3
BRDA:38,14,0,1
BRDA:38,14,1,1
BRDA:39,15,0,1
BRDA:39,15,1,6
BRDA:39,16,0,7
BRDA:39,16,1,1
BRDA:53,17,0,1
BRDA:53,17,1,19
BRDA:55,18,0,1
BRDA:55,18,1,18
BRDA:55,19,0,19
BRDA:55,19,1,18
BRDA:57,20,0,5
BRDA:57,20,1,13
BRDA:57,21,0,18
BRDA:57,21,1,17
BRDA:57,21,2,12
BRDA:73,22,0,33
BRDA:73,22,1,31
BRDA:73,23,0,64
BRDA:73,23,1,62
BRDA:73,23,2,57
BRDA:84,24,0,3
BRDA:84,24,1,7
BRDA:89,25,0,7
BRDA:89,25,1,14
BRDA:90,26,0,2
BRDA:90,26,1,5
BRDA:95,27,0,10
BRDA:95,27,1,4
BRF:58
BRH:58
end_of_record
TN:
SF:interface.js
FN:5,main
FN:21,(anonymous_1)
FN:24,(anonymous_2)
FNF:3
FNH:3
FNDA:5,main
FNDA:53,(anonymous_1)
FNDA:53,(anonymous_2)
DA:6,5
DA:8,5
DA:10,5
DA:11,5
DA:14,5
DA:15,5
DA:18,5
DA:21,53
DA:24,5
DA:26,53
DA:30,5
DA:33,5
DA:37,5
DA:38,5
DA:41,4
DA:44,4
DA:48,4
DA:49,20
DA:50,9
DA:52,9
DA:53,1
DA:55,9
DA:56,7
DA:57,7
DA:60,11
DA:61,11
DA:62,10
DA:63,10
DA:66,20
DA:70,6
DA:71,4
LF:31
LH:31
BRDA:6,0,0,5
BRDA:6,0,1,0
BRDA:8,1,0,0
BRDA:8,1,1,5
BRDA:15,2,0,0
BRDA:15,2,1,5
BRDA:26,3,0,53
BRDA:26,3,1,0
BRDA:38,4,0,1
BRDA:38,4,1,4
BRDA:48,5,0,24
BRDA:48,5,1,23
BRDA:49,6,0,9
BRDA:49,6,1,11
BRDA:52,7,0,1
BRDA:52,7,1,8
BRDA:55,8,0,7
BRDA:55,8,1,2
BRDA:61,9,0,10
BRDA:61,9,1,1
BRF:20
BRH:16
end_of_record
